<?xml version="1.0" encoding="UTF-8"?>
<!-- Generated by org.testng.reporters.JUnitXMLReporter -->
<testsuite ignored="0" hostname="inlen8520085273" failures="1" tests="1" name="ParaBankRegisterTest" time="13.895" errors="0" timestamp="2023-07-13T14:22:44 IST">
  <testcase classname="testCases.TC_001_AccountRegistrationTest" name="test_account_Registration" time="6.576">
    <failure type="java.lang.AssertionError" message="TestFailed expected [Your account was created successfully. You are now logged in.] but found [If you have an account with us you can sign-up for free instant online access. You will have to provide some personal information.]">
      <![CDATA[java.lang.AssertionError: TestFailed expected [Your account was created successfully. You are now logged in.] but found [If you have an account with us you can sign-up for free instant online access. You will have to provide some personal information.]
at testCases.TC_001_AccountRegistrationTest.test_account_Registration(TC_001_AccountRegistrationTest.java:42)
at java.base/java.util.ArrayList.forEach(ArrayList.java:1511)
... Removed 36 stack frames]]>
    </failure>
  </testcase> <!-- test_account_Registration -->
</testsuite> <!-- ParaBankRegisterTest -->
